<?xml version="1.0" encoding="UTF-8"?>
<!-- Generated by org.testng.reporters.JUnitReportReporter -->
<testsuite hostname="DESKTOP-UKMO9T1" failures="0" tests="4" name="org.TestNG.DemoExample.TestNgFacebookTest" time="6.880"
           errors="0" timestamp="2025-02-25T23:05:57 IST" skipped="0">
    <testcase classname="org.TestNG.DemoExample.TestNgFacebookTest" name="openapp" time="6.246"/>
    <testcase classname="org.TestNG.DemoExample.TestNgFacebookTest" name="testLogo" time="0.050"/>
    <testcase classname="org.TestNG.DemoExample.TestNgFacebookTest" name="testLogin" time="0.369"/>
    <testcase classname="org.TestNG.DemoExample.TestNgFacebookTest" name="testLogout" time="0.215"/>
</testsuite> <!-- org.TestNG.TestNgFacebookTest -->
