<?xml version="1.0" encoding="UTF-8"?>
<!-- Generated by org.testng.reporters.JUnitReportReporter -->
<testsuite hostname="DESKTOP-UKMO9T1" failures="0" tests="3" name="org.TestNG.DemoExample.TestNG_Demo" time="0.018" errors="0"
           timestamp="2025-02-25T23:05:57 IST" skipped="0">
    <testcase classname="org.TestNG.DemoExample.TestNG_Demo" name="openapp" time="0.016"/>
    <testcase classname="org.TestNG.DemoExample.TestNG_Demo" name="login" time="0.001"/>
    <testcase classname="org.TestNG.DemoExample.TestNG_Demo" name="logout" time="0.001"/>
</testsuite> <!-- org.TestNG.TestNG_Demo -->
